[2019-01-17 14:54:29,642][MainThread:140735791809408][werkzeug][_internal.py:88][INFO][ * Running on http://0.0.0.0:5000/ (Press CTRL+C to quit)]
[2019-01-17 14:56:07,699][MainThread:140735791809408][werkzeug][_internal.py:88][INFO][ * Running on http://0.0.0.0:5000/ (Press CTRL+C to quit)]
[2019-01-17 14:56:42,944][MainThread:140735791809408][werkzeug][_internal.py:88][INFO][ * Running on http://0.0.0.0:5000/ (Press CTRL+C to quit)]
[2019-01-17 14:56:56,858][MainThread:140735791809408][werkzeug][_internal.py:88][INFO][ * Running on http://0.0.0.0:5000/ (Press CTRL+C to quit)]
[2019-01-17 14:56:56,861][MainThread:140735791809408][werkzeug][_internal.py:88][INFO][ * Restarting with stat]
[2019-01-17 14:56:58,046][MainThread:140735791809408][werkzeug][_internal.py:88][WARNING][ * Debugger is active!]
[2019-01-17 14:56:58,134][MainThread:140735791809408][werkzeug][_internal.py:88][INFO][ * Debugger PIN: 211-421-883]
[2019-01-17 14:57:15,841][MainThread:140735791809408][werkzeug][_internal.py:88][INFO][ * Detected change in '/Users/edz/PycharmProjects/Shopping-Server/manager.py', reloading]
[2019-01-17 14:57:15,962][MainThread:140735791809408][werkzeug][_internal.py:88][INFO][ * Restarting with stat]
[2019-01-17 14:57:18,969][MainThread:140735791809408][werkzeug][_internal.py:88][INFO][ * Running on http://0.0.0.0:5000/ (Press CTRL+C to quit)]
[2019-01-17 14:57:18,971][MainThread:140735791809408][werkzeug][_internal.py:88][INFO][ * Restarting with stat]
[2019-01-17 14:57:20,107][MainThread:140735791809408][werkzeug][_internal.py:88][WARNING][ * Debugger is active!]
[2019-01-17 14:57:20,175][MainThread:140735791809408][werkzeug][_internal.py:88][INFO][ * Debugger PIN: 211-421-883]
[2019-01-17 14:57:29,562][MainThread:140735791809408][werkzeug][_internal.py:88][INFO][ * Detected change in '/Users/edz/PycharmProjects/Shopping-Server/manager.py', reloading]
[2019-01-17 14:57:29,679][MainThread:140735791809408][werkzeug][_internal.py:88][INFO][ * Restarting with stat]
[2019-01-17 14:57:31,048][MainThread:140735791809408][werkzeug][_internal.py:88][WARNING][ * Debugger is active!]
[2019-01-17 14:57:31,114][MainThread:140735791809408][werkzeug][_internal.py:88][INFO][ * Debugger PIN: 211-421-883]
[2019-01-17 14:57:38,419][MainThread:140735791809408][werkzeug][_internal.py:88][INFO][ * Detected change in '/Users/edz/PycharmProjects/Shopping-Server/manager.py', reloading]
[2019-01-17 14:57:38,539][MainThread:140735791809408][werkzeug][_internal.py:88][INFO][ * Restarting with stat]
[2019-01-17 14:57:39,757][MainThread:140735791809408][werkzeug][_internal.py:88][WARNING][ * Debugger is active!]
[2019-01-17 14:57:39,830][MainThread:140735791809408][werkzeug][_internal.py:88][INFO][ * Debugger PIN: 211-421-883]
[2019-01-17 14:57:50,227][MainThread:140735791809408][werkzeug][_internal.py:88][INFO][ * Detected change in '/Users/edz/PycharmProjects/Shopping-Server/manager.py', reloading]
[2019-01-17 14:57:50,354][MainThread:140735791809408][werkzeug][_internal.py:88][INFO][ * Restarting with stat]
[2019-01-17 14:57:51,807][MainThread:140735791809408][werkzeug][_internal.py:88][WARNING][ * Debugger is active!]
[2019-01-17 14:57:51,895][MainThread:140735791809408][werkzeug][_internal.py:88][INFO][ * Debugger PIN: 211-421-883]
[2019-01-17 14:58:00,016][MainThread:140735791809408][werkzeug][_internal.py:88][INFO][ * Running on http://0.0.0.0:5000/ (Press CTRL+C to quit)]
[2019-01-17 14:58:00,017][MainThread:140735791809408][werkzeug][_internal.py:88][INFO][ * Restarting with stat]
[2019-01-17 14:58:01,185][MainThread:140735791809408][werkzeug][_internal.py:88][WARNING][ * Debugger is active!]
[2019-01-17 14:58:01,250][MainThread:140735791809408][werkzeug][_internal.py:88][INFO][ * Debugger PIN: 211-421-883]
[2019-01-17 14:58:11,717][MainThread:140735791809408][werkzeug][_internal.py:88][INFO][ * Detected change in '/Users/edz/PycharmProjects/Shopping-Server/manager.py', reloading]
[2019-01-17 14:58:11,856][MainThread:140735791809408][werkzeug][_internal.py:88][INFO][ * Restarting with stat]
